<?xml version="1.0" encoding="UTF-8"?>
<testsuite name="com.geektrust.service.AllianceImplTest" tests="1" skipped="0" failures="0" errors="0" timestamp="2020-07-31T21:30:47" hostname="anurag-PC" time="0.422">
  <properties/>
  <testcase name="checkAlliance()" classname="com.geektrust.service.AllianceImplTest" time="0.422"/>
  <system-out><![CDATA[]]></system-out>
  <system-err><![CDATA[]]></system-err>
</testsuite>
