<?xml version="1.0" encoding="UTF-8"?>
<testsuite name="com.geektrust.data.AlliedKingdomTest" tests="5" skipped="0" failures="0" errors="0" timestamp="2020-08-01T20:17:14" hostname="anurag-PC" time="0.01">
  <properties/>
  <testcase name="checkSingleAddKingdom()" classname="com.geektrust.data.AlliedKingdomTest" time="0.002"/>
  <testcase name="checkNullAddKingdom()" classname="com.geektrust.data.AlliedKingdomTest" time="0.001"/>
  <testcase name="displayAlliesWhenAlliesAreLessThanThree()" classname="com.geektrust.data.AlliedKingdomTest" time="0.001"/>
  <testcase name="displayAlliesWhenAlliesAreMoreThanThree()" classname="com.geektrust.data.AlliedKingdomTest" time="0.001"/>
  <testcase name="checkMultipleAddKingdom()" classname="com.geektrust.data.AlliedKingdomTest" time="0.001"/>
  <system-out><![CDATA[]]></system-out>
  <system-err><![CDATA[]]></system-err>
</testsuite>
