<?xml version="1.0" encoding="UTF-8"?>
<testsuite name="com.geektrust.data.AlliedKingdomTest" tests="3" skipped="0" failures="0" errors="0" timestamp="2020-07-31T21:30:47" hostname="anurag-PC" time="0.013">
  <properties/>
  <testcase name="checkSingleAddKingdom()" classname="com.geektrust.data.AlliedKingdomTest" time="0.009"/>
  <testcase name="checkNullAddKingdom()" classname="com.geektrust.data.AlliedKingdomTest" time="0.001"/>
  <testcase name="checkMultipleAddKingdom()" classname="com.geektrust.data.AlliedKingdomTest" time="0.001"/>
  <system-out><![CDATA[]]></system-out>
  <system-err><![CDATA[]]></system-err>
</testsuite>
