<?xml version="1.0" encoding="UTF-8"?>
<testsuite name="com.geektrust.service.AllianceImplTest" tests="1" skipped="0" failures="0" errors="0" timestamp="2020-08-02T10:01:44" hostname="anurag-PC" time="0.016">
  <properties/>
  <testcase name="checkAlliance()" classname="com.geektrust.service.AllianceImplTest" time="0.016"/>
  <system-out><![CDATA[]]></system-out>
  <system-err><![CDATA[]]></system-err>
</testsuite>
