<?xml version="1.0" encoding="UTF-8"?>
<testsuite name="com.geektrust.TameOfThronesApplicationTest" tests="3" skipped="0" failures="0" errors="0" timestamp="2020-08-02T10:01:44" hostname="anurag-PC" time="0.011">
  <properties/>
  <testcase name="testForInvalidAlliedRuler()" classname="com.geektrust.TameOfThronesApplicationTest" time="0.007"/>
  <testcase name="testForNoAlliedRuler()" classname="com.geektrust.TameOfThronesApplicationTest" time="0.001"/>
  <testcase name="testForAlliedRulers()" classname="com.geektrust.TameOfThronesApplicationTest" time="0.001"/>
  <system-out><![CDATA[]]></system-out>
  <system-err><![CDATA[]]></system-err>
</testsuite>
